[Message:   BepInEx] BepInEx 5.4.23.5 - VoidloopDemo (28/02/2026 15:35:46)
[Info   :   BepInEx] Running under Unity v6000.2.10.13882125
[Info   :   BepInEx] CLR runtime version: 4.0.30319.42000
[Info   :   BepInEx] Supports SRE: True
[Info   :   BepInEx] System platform: Bits64, Windows
[Message:   BepInEx] Preloader started
[Info   :   BepInEx] Loaded 1 patcher method from [BepInEx.Preloader 5.4.23.5]
[Info   :   BepInEx] 1 patcher plugin loaded
[Info   :   BepInEx] Patching [UnityEngine.CoreModule] with [BepInEx.Chainloader]
[Message:   BepInEx] Preloader finished
[Message:   BepInEx] Chainloader ready
[Message:   BepInEx] Chainloader started
[Info   :   BepInEx] 2 plugins to load
[Info   :   BepInEx] Loading [UnityExplorer 4.9.0]
[Message:UnityExplorer] UnityExplorer 4.9.0 initializing...
[Message:UnityExplorer] [UniverseLib] UniverseLib 1.5.1 initializing...
[Message:UnityExplorer] [UniverseLib] Finished UniverseLib initial setup.
[Message:UnityExplorer] Initialized UnityCrashPrevention for: Canvas.get_renderingDisplaySize
[Info   :   BepInEx] Loading [Rainbow Mode (Virelia) 1.0]
[Message:   BepInEx] Chainloader startup complete
[Message:UnityExplorer] [UniverseLib] Initialized new InputSystem support.
[Message:UnityExplorer] [UniverseLib] Loaded modern bundle for Unity 6000.2.10f1
[Message:UnityExplorer] [UniverseLib] UniverseLib 1.5.1 initialized.
[Message:UnityExplorer] Creating UI...
[Message:UnityExplorer] UnityExplorer 4.9.0 (Mono) initialized.
